Messages report for mp1
Mon Sep 12 15:20:56 2016
Quartus II 32-bit Version 13.1.4 Build 182 03/12/2014 SJ Full Version


---------------------
; Table of Contents ;
---------------------
  1. Legal Notice
  2. EDA Netlist Writer Messages



----------------
; Legal Notice ;
----------------
Copyright (C) 1991-2014 Altera Corporation
Your use of Altera Corporation's design tools, logic functions 
and other software and tools, and its AMPP partner logic 
functions, and any output files from any of the foregoing 
(including device programming or simulation files), and any 
associated documentation or information are expressly subject 
to the terms and conditions of the Altera Program License 
Subscription Agreement, Altera MegaCore Function License 
Agreement, or other applicable license agreement, including, 
without limitation, that your use is for the sole purpose of 
programming logic devices manufactured by Altera and sold by 
Altera or its authorized distributors.  Please refer to the 
applicable agreement for further details.



+-----------------------------+
; EDA Netlist Writer Messages ;
+-----------------------------+
Info: *******************************************************************
Info: Running Quartus II 32-bit EDA Netlist Writer
    Info: Version 13.1.4 Build 182 03/12/2014 SJ Full Version
    Info: Processing started: Mon Sep 12 14:11:01 2016
Info: Command: quartus_eda --read_settings_files=off --write_settings_files=off mp1 -c mp1
Info (204019): Generated file mp1_2_1100mv_85c_slow.svo in folder "/home/cmndrsn2/ece411/mp1/simulation/modelsim/" for EDA simulation tool
Info (204019): Generated file mp1_2_1100mv_0c_slow.svo in folder "/home/cmndrsn2/ece411/mp1/simulation/modelsim/" for EDA simulation tool
Info (204019): Generated file mp1_min_1100mv_0c_fast.svo in folder "/home/cmndrsn2/ece411/mp1/simulation/modelsim/" for EDA simulation tool
Info (204019): Generated file mp1.svo in folder "/home/cmndrsn2/ece411/mp1/simulation/modelsim/" for EDA simulation tool
Info (204019): Generated file mp1_2_1100mv_85c_v_slow.sdo in folder "/home/cmndrsn2/ece411/mp1/simulation/modelsim/" for EDA simulation tool
Info (204019): Generated file mp1_2_1100mv_0c_v_slow.sdo in folder "/home/cmndrsn2/ece411/mp1/simulation/modelsim/" for EDA simulation tool
Info (204019): Generated file mp1_min_1100mv_0c_v_fast.sdo in folder "/home/cmndrsn2/ece411/mp1/simulation/modelsim/" for EDA simulation tool
Info (204019): Generated file mp1_v.sdo in folder "/home/cmndrsn2/ece411/mp1/simulation/modelsim/" for EDA simulation tool
Info: Quartus II 32-bit EDA Netlist Writer was successful. 0 errors, 0 warnings
    Info: Peak virtual memory: 385 megabytes
    Info: Processing ended: Mon Sep 12 14:11:17 2016
    Info: Elapsed time: 00:00:16
    Info: Total CPU time (on all processors): 00:00:02


